sample.interval=20000
"%in%" ".deparseOpts" "deparse" "mode" "match" "%in%" "deparse" "paste" "as.data.frame.AsIs" "as.data.frame" "data.frame" "do.call" "format.data.frame" "as.matrix" "print.data.frame" "print" 
"%in%" ".deparseOpts" "deparse" "mode" "match" "%in%" "deparse" "paste" "as.data.frame.AsIs" "as.data.frame" "data.frame" "do.call" "format.data.frame" "as.matrix" "print.data.frame" "print" 
"%in%" ".deparseOpts" "deparse" "mode" "match" "%in%" "deparse" "paste" "as.data.frame.AsIs" "as.data.frame" "data.frame" "do.call" "format.data.frame" "as.matrix" "print.data.frame" "print" 
"%in%" ".deparseOpts" "deparse" "mode" "match" "%in%" "deparse" "paste" "as.data.frame.AsIs" "as.data.frame" "data.frame" "do.call" "format.data.frame" "as.matrix" "print.data.frame" "print" 
"%in%" ".deparseOpts" "deparse" "mode" "match" "%in%" "deparse" "paste" "as.data.frame.AsIs" "as.data.frame" "data.frame" "do.call" "format.data.frame" "as.matrix" "print.data.frame" "print" 
"%in%" ".deparseOpts" "deparse" "mode" "match" "%in%" "deparse" "paste" "as.data.frame.AsIs" "as.data.frame" "data.frame" "do.call" "format.data.frame" "as.matrix" "print.data.frame" "print" 
"%in%" ".deparseOpts" "deparse" "mode" "match" "%in%" "deparse" "paste" "as.data.frame.AsIs" "as.data.frame" "data.frame" "do.call" "format.data.frame" "as.matrix" "print.data.frame" "print" 
"%in%" ".deparseOpts" "deparse" "mode" "match" "%in%" "deparse" "paste" "as.data.frame.AsIs" "as.data.frame" "data.frame" "do.call" "format.data.frame" "as.matrix" "print.data.frame" "print" 
"%in%" ".deparseOpts" "deparse" "mode" "match" "%in%" "deparse" "paste" "as.data.frame.AsIs" "as.data.frame" "data.frame" "do.call" "format.data.frame" "as.matrix" "print.data.frame" "print" 
"%in%" ".deparseOpts" "deparse" "mode" "match" "%in%" "deparse" "paste" "as.data.frame.AsIs" "as.data.frame" "data.frame" "do.call" "format.data.frame" "as.matrix" "print.data.frame" "print" 
"%in%" ".deparseOpts" "deparse" "mode" "match" "%in%" "deparse" "paste" "as.data.frame.AsIs" "as.data.frame" "data.frame" "do.call" "format.data.frame" "as.matrix" "print.data.frame" "print" 
"%in%" ".deparseOpts" "deparse" "mode" "match" "%in%" "deparse" "paste" "as.data.frame.AsIs" "as.data.frame" "data.frame" "do.call" "format.data.frame" "as.matrix" "print.data.frame" "print" 
"%in%" ".deparseOpts" "deparse" "mode" "match" "%in%" "deparse" "paste" "as.data.frame.AsIs" "as.data.frame" "data.frame" "do.call" "format.data.frame" "as.matrix" "print.data.frame" "print" 
"%in%" ".deparseOpts" "deparse" "mode" "match" "%in%" "deparse" "paste" "as.data.frame.AsIs" "as.data.frame" "data.frame" "do.call" "format.data.frame" "as.matrix" "print.data.frame" "print" 
"%in%" ".deparseOpts" "deparse" "mode" "match" "%in%" "deparse" "paste" "as.data.frame.AsIs" "as.data.frame" "data.frame" "do.call" "format.data.frame" "as.matrix" "print.data.frame" "print" 
"%in%" ".deparseOpts" "deparse" "mode" "match" "%in%" "deparse" "paste" "as.data.frame.AsIs" "as.data.frame" "data.frame" "do.call" "format.data.frame" "as.matrix" "print.data.frame" "print" 
"%in%" ".deparseOpts" "deparse" "mode" "match" "%in%" "deparse" "paste" "as.data.frame.AsIs" "as.data.frame" "data.frame" "do.call" "format.data.frame" "as.matrix" "print.data.frame" "print" 
"print.default" "print" "print.data.frame" "print" 
"print.default" "print" "print.data.frame" "print" 
"print.default" "print" "print.data.frame" "print" 
"print.default" "print" "print.data.frame" "print" 
"print.default" "print" "print.data.frame" "print" 
"print.default" "print" "print.data.frame" "print" 
"print.default" "print" "print.data.frame" "print" 
"print.default" "print" "print.data.frame" "print" 
"print.default" "print" "print.data.frame" "print" 
"print.default" "print" "print.data.frame" "print" 
"print.default" "print" "print.data.frame" "print" 
"print.default" "print" "print.data.frame" "print" 
"print.default" "print" "print.data.frame" "print" 
"print.default" "print" "print.data.frame" "print" 
"print.default" "print" "print.data.frame" "print" 
"print.default" "print" "print.data.frame" "print" 
"print.default" "print" "print.data.frame" "print" 
"print.default" "print" "print.data.frame" "print" 
"print.default" "print" "print.data.frame" "print" 
"print.default" "print" "print.data.frame" "print" 
"print.default" "print" "print.data.frame" "print" 
"print.default" "print" "print.data.frame" "print" 
"print.default" "print" "print.data.frame" "print" 
"print.default" "print" "print.data.frame" "print" 
"print.default" "print" "print.data.frame" "print" 
"print.default" "print" "print.data.frame" "print" 
"print.default" "print" "print.data.frame" "print" 
"print.default" "print" "print.data.frame" "print" 
"print.default" "print" "print.data.frame" "print" 
"print.default" "print" "print.data.frame" "print" 
"print.default" "print" "print.data.frame" "print" 
"print.default" "print" "print.data.frame" "print" 
"print.default" "print" "print.data.frame" "print" 
"print.default" "print" "print.data.frame" "print" 
"print.default" "print" "print.data.frame" "print" 
"print.default" "print" "print.data.frame" "print" 
"print.default" "print" "print.data.frame" "print" 
"print.default" "print" "print.data.frame" "print" 
"print.default" "print" "print.data.frame" "print" 
"print.default" "print" "print.data.frame" "print" 
"print.default" "print" "print.data.frame" "print" 
"print.default" "print" "print.data.frame" "print" 
"print.default" "print" "print.data.frame" "print" 
"print.default" "print" "print.data.frame" "print" 
"print.default" "print" "print.data.frame" "print" 
"print.default" "print" "print.data.frame" "print" 
"print.default" "print" "print.data.frame" "print" 
"print.default" "print" "print.data.frame" "print" 
"print.default" "print" "print.data.frame" "print" 
"print.default" "print" "print.data.frame" "print" 
"print.default" "print" "print.data.frame" "print" 
"print.default" "print" "print.data.frame" "print" 
"print.default" "print" "print.data.frame" "print" 
"print.default" "print" "print.data.frame" "print" 
"print.default" "print" "print.data.frame" "print" 
"print.default" "print" "print.data.frame" "print" 
"print.default" "print" "print.data.frame" "print" 
"print.default" "print" "print.data.frame" "print" 
"print.default" "print" "print.data.frame" "print" 
"print.default" "print" "print.data.frame" "print" 
"print.default" "print" "print.data.frame" "print" 
"print.default" "print" "print.data.frame" "print" 
"print.default" "print" "print.data.frame" "print" 
"print.default" "print" "print.data.frame" "print" 
"print.default" "print" "print.data.frame" "print" 
"print.default" "print" "print.data.frame" "print" 
"print.default" "print" "print.data.frame" "print" 
"print.default" "print" "print.data.frame" "print" 
"print.default" "print" "print.data.frame" "print" 
"print.default" "print" "print.data.frame" "print" 
"print.default" "print" "print.data.frame" "print" 
"print.default" "print" "print.data.frame" "print" 
"print.default" "print" "print.data.frame" "print" 
"print.default" "print" "print.data.frame" "print" 
"print.default" "print" "print.data.frame" "print" 
"print.default" "print" "print.data.frame" "print" 
"print.default" "print" "print.data.frame" "print" 
"print.default" "print" "print.data.frame" "print" 
"print.default" "print" "print.data.frame" "print" 
"print.default" "print" "print.data.frame" "print" 
"print.default" "print" "print.data.frame" "print" 
"print.default" "print" "print.data.frame" "print" 
"print.default" "print" "print.data.frame" "print" 
"print.default" "print" "print.data.frame" "print" 
"print.default" "print" "print.data.frame" "print" 
"print.default" "print" "print.data.frame" "print" 
"print.default" "print" "print.data.frame" "print" 
"print.default" "print" "print.data.frame" "print" 
"print.default" "print" "print.data.frame" "print" 
"print.default" "print" "print.data.frame" "print" 
"print.default" "print" "print.data.frame" "print" 
"print.default" "print" "print.data.frame" "print" 
"print.default" "print" "print.data.frame" "print" 
"print.default" "print" "print.data.frame" "print" 
"print.default" "print" "print.data.frame" "print" 
"print.default" "print" "print.data.frame" "print" 
"print.default" "print" "print.data.frame" "print" 
"print.default" "print" "print.data.frame" "print" 
"print.default" "print" "print.data.frame" "print" 
"print.default" "print" "print.data.frame" "print" 
"print.default" "print" "print.data.frame" "print" 
"print.default" "print" "print.data.frame" "print" 
"print.default" "print" "print.data.frame" "print" 
"print.default" "print" "print.data.frame" "print" 
"print.default" "print" "print.data.frame" "print" 
"print.default" "print" "print.data.frame" "print" 
"print.default" "print" "print.data.frame" "print" 
"print.default" "print" "print.data.frame" "print" 
"print.default" "print" "print.data.frame" "print" 
"print.default" "print" "print.data.frame" "print" 
"print.default" "print" "print.data.frame" "print" 
"print.default" "print" "print.data.frame" "print" 
"print.default" "print" "print.data.frame" "print" 
"print.default" "print" "print.data.frame" "print" 
"print.default" "print" "print.data.frame" "print" 
"print.default" "print" "print.data.frame" "print" 
"print.default" "print" "print.data.frame" "print" 
"print.default" "print" "print.data.frame" "print" 
"print.default" "print" "print.data.frame" "print" 
"print.default" "print" "print.data.frame" "print" 
"print.default" "print" "print.data.frame" "print" 
"print.default" "print" "print.data.frame" "print" 
"print.default" "print" "print.data.frame" "print" 
"print.default" "print" "print.data.frame" "print" 
"print.default" "print" "print.data.frame" "print" 
"print.default" "print" "print.data.frame" "print" 
"print.default" "print" "print.data.frame" "print" 
"print.default" "print" "print.data.frame" "print" 
"print.default" "print" "print.data.frame" "print" 
"print.default" "print" "print.data.frame" "print" 
"print.default" "print" "print.data.frame" "print" 
"print.default" "print" "print.data.frame" "print" 
"print.default" "print" "print.data.frame" "print" 
"print.default" "print" "print.data.frame" "print" 
"print.default" "print" "print.data.frame" "print" 
"print.default" "print" "print.data.frame" "print" 
"print.default" "print" "print.data.frame" "print" 
"print.default" "print" "print.data.frame" "print" 
"print.default" "print" "print.data.frame" "print" 
"print.default" "print" "print.data.frame" "print" 
"print.default" "print" "print.data.frame" "print" 
"print.default" "print" "print.data.frame" "print" 
"print.default" "print" "print.data.frame" "print" 
"print.default" "print" "print.data.frame" "print" 
"print.default" "print" "print.data.frame" "print" 
"print.default" "print" "print.data.frame" "print" 
"print.default" "print" "print.data.frame" "print" 
"print.default" "print" "print.data.frame" "print" 
"print.default" "print" "print.data.frame" "print" 
"print.default" "print" "print.data.frame" "print" 
"print.default" "print" "print.data.frame" "print" 
"print.default" "print" "print.data.frame" "print" 
"print.default" "print" "print.data.frame" "print" 
"print.default" "print" "print.data.frame" "print" 
"print.default" "print" "print.data.frame" "print" 
"print.default" "print" "print.data.frame" "print" 
"print.default" "print" "print.data.frame" "print" 
"print.default" "print" "print.data.frame" "print" 
"print.default" "print" "print.data.frame" "print" 
"print.default" "print" "print.data.frame" "print" 
"print.default" "print" "print.data.frame" "print" 
"print.default" "print" "print.data.frame" "print" 
"print.default" "print" "print.data.frame" "print" 
"print.default" "print" "print.data.frame" "print" 
"print.default" "print" "print.data.frame" "print" 
"print.default" "print" "print.data.frame" "print" 
"print.default" "print" "print.data.frame" "print" 
"print.default" "print" "print.data.frame" "print" 
"print.default" "print" "print.data.frame" "print" 
"print.default" "print" "print.data.frame" "print" 
"print.default" "print" "print.data.frame" "print" 
"print.default" "print" "print.data.frame" "print" 
"print.default" "print" "print.data.frame" "print" 
"print.default" "print" "print.data.frame" "print" 
"print.default" "print" "print.data.frame" "print" 
"print.default" "print" "print.data.frame" "print" 
"print.default" "print" "print.data.frame" "print" 
"print.default" "print" "print.data.frame" "print" 
"print.default" "print" "print.data.frame" "print" 
"print.default" "print" "print.data.frame" "print" 
"print.default" "print" "print.data.frame" "print" 
"print.default" "print" "print.data.frame" "print" 
"print.default" "print" "print.data.frame" "print" 
"print.default" "print" "print.data.frame" "print" 
"print.default" "print" "print.data.frame" "print" 
"print.default" "print" "print.data.frame" "print" 
"print.default" "print" "print.data.frame" "print" 
"print.default" "print" "print.data.frame" "print" 
"print.default" "print" "print.data.frame" "print" 
"print.default" "print" "print.data.frame" "print" 
"print.default" "print" "print.data.frame" "print" 
"print.default" "print" "print.data.frame" "print" 
"print.default" "print" "print.data.frame" "print" 
"print.default" "print" "print.data.frame" "print" 
"print.default" "print" "print.data.frame" "print" 
"print.default" "print" "print.data.frame" "print" 
"print.default" "print" "print.data.frame" "print" 
"print.default" "print" "print.data.frame" "print" 
"print.default" "print" "print.data.frame" "print" 
"print.default" "print" "print.data.frame" "print" 
"print.default" "print" "print.data.frame" "print" 
"prettyNum" "format.default" "format" "format.data.frame" "as.matrix" "print.data.frame" "print" 
"prettyNum" "format.default" "format" "format.data.frame" "as.matrix" "print.data.frame" "print" 
"prettyNum" "format.default" "format" "format.data.frame" "as.matrix" "print.data.frame" "print" 
"prettyNum" "format.default" "format" "format.data.frame" "as.matrix" "print.data.frame" "print" 
"prettyNum" "format.default" "format" "format.data.frame" "as.matrix" "print.data.frame" "print" 
"prettyNum" "format.default" "format" "format.data.frame" "as.matrix" "print.data.frame" "print" 
"prettyNum" "format.default" "format" "format.data.frame" "as.matrix" "print.data.frame" "print" 
"prettyNum" "format.default" "format" "format.data.frame" "as.matrix" "print.data.frame" "print" 
"prettyNum" "format.default" "format" "format.data.frame" "as.matrix" "print.data.frame" "print" 
"prettyNum" "format.default" "format" "format.data.frame" "as.matrix" "print.data.frame" "print" 
"prettyNum" "format.default" "format" "format.data.frame" "as.matrix" "print.data.frame" "print" 
"prettyNum" "format.default" "format" "format.data.frame" "as.matrix" "print.data.frame" "print" 
"prettyNum" "format.default" "format" "format.data.frame" "as.matrix" "print.data.frame" "print" 
"prettyNum" "format.default" "format" "format.data.frame" "as.matrix" "print.data.frame" "print" 
"prettyNum" "format.default" "format" "format.data.frame" "as.matrix" "print.data.frame" "print" 
"prettyNum" "format.default" "format" "format.data.frame" "as.matrix" "print.data.frame" "print" 
"eval" "match.arg" "format.default" "format" "format.data.frame" "as.matrix" "print.data.frame" "print" 
"eval" "match.arg" "format.default" "format" "format.data.frame" "as.matrix" "print.data.frame" "print" 
"eval" "match.arg" "format.default" "format" "format.data.frame" "as.matrix" "print.data.frame" "print" 
"eval" "match.arg" "format.default" "format" "format.data.frame" "as.matrix" "print.data.frame" "print" 
"eval" "match.arg" "format.default" "format" "format.data.frame" "as.matrix" "print.data.frame" "print" 
"eval" "match.arg" "format.default" "format" "format.data.frame" "as.matrix" "print.data.frame" "print" 
"eval" "match.arg" "format.default" "format" "format.data.frame" "as.matrix" "print.data.frame" "print" 
"eval" "match.arg" "format.default" "format" "format.data.frame" "as.matrix" "print.data.frame" "print" 
"eval" "match.arg" "format.default" "format" "format.data.frame" "as.matrix" "print.data.frame" "print" 
"eval" "match.arg" "format.default" "format" "format.data.frame" "as.matrix" "print.data.frame" "print" 
"eval" "match.arg" "format.default" "format" "format.data.frame" "as.matrix" "print.data.frame" "print" 
"eval" "match.arg" "format.default" "format" "format.data.frame" "as.matrix" "print.data.frame" "print" 
"eval" "match.arg" "format.default" "format" "format.data.frame" "as.matrix" "print.data.frame" "print" 
"eval" "match.arg" "format.default" "format" "format.data.frame" "as.matrix" "print.data.frame" "print" 
"eval" "match.arg" "format.default" "format" "format.data.frame" "as.matrix" "print.data.frame" "print" 
"eval" "match.arg" "format.default" "format" "format.data.frame" "as.matrix" "print.data.frame" "print" 
"eval" "match.arg" "format.default" "format" "format.data.frame" "as.matrix" "print.data.frame" "print" 
"eval" "match.arg" "format.default" "format" "format.data.frame" "as.matrix" "print.data.frame" "print" 
"as.matrix.data.frame" "as.matrix" "print.data.frame" "print" 
"as.matrix.data.frame" "as.matrix" "print.data.frame" "print" 
"as.matrix.data.frame" "as.matrix" "print.data.frame" "print" 
"as.matrix.data.frame" "as.matrix" "print.data.frame" "print" 
"print.default" "print" "print.data.frame" "print" 
"print.default" "print" "print.data.frame" "print" 
"print.default" "print" "print.data.frame" "print" 
"print.default" "print" "print.data.frame" "print" 
"print.default" "print" "print.data.frame" "print" 
"print.default" "print" "print.data.frame" "print" 
"print.default" "print" "print.data.frame" "print" 
"print.default" "print" "print.data.frame" "print" 
"print.default" "print" "print.data.frame" "print" 
"print.default" "print" "print.data.frame" "print" 
"print.default" "print" "print.data.frame" "print" 
"print.default" "print" "print.data.frame" "print" 
"print.default" "print" "print.data.frame" "print" 
"print.default" "print" "print.data.frame" "print" 
"print.default" "print" "print.data.frame" "print" 
"print.default" "print" "print.data.frame" "print" 
"print.default" "print" "print.data.frame" "print" 
"print.default" "print" "print.data.frame" "print" 
"print.default" "print" "print.data.frame" "print" 
"print.default" "print" "print.data.frame" "print" 
"print.default" "print" "print.data.frame" "print" 
"print.default" "print" "print.data.frame" "print" 
"print.default" "print" "print.data.frame" "print" 
"print.default" "print" "print.data.frame" "print" 
"print.default" "print" "print.data.frame" "print" 
"print.default" "print" "print.data.frame" "print" 
"print.default" "print" "print.data.frame" "print" 
"print.default" "print" "print.data.frame" "print" 
"print.default" "print" "print.data.frame" "print" 
"print.default" "print" "print.data.frame" "print" 
"print.default" "print" "print.data.frame" "print" 
"print.default" "print" "print.data.frame" "print" 
"print.default" "print" "print.data.frame" "print" 
"print.default" "print" "print.data.frame" "print" 
"print.default" "print" "print.data.frame" "print" 
"print.default" "print" "print.data.frame" "print" 
"print.default" "print" "print.data.frame" "print" 
"print.default" "print" "print.data.frame" "print" 
"print.default" "print" "print.data.frame" "print" 
"print.default" "print" "print.data.frame" "print" 
"print.default" "print" "print.data.frame" "print" 
"print.default" "print" "print.data.frame" "print" 
"print.default" "print" "print.data.frame" "print" 
"print.default" "print" "print.data.frame" "print" 
"print.default" "print" "print.data.frame" "print" 
"print.default" "print" "print.data.frame" "print" 
"print.default" "print" "print.data.frame" "print" 
"print.default" "print" "print.data.frame" "print" 
"print.default" "print" "print.data.frame" "print" 
"print.default" "print" "print.data.frame" "print" 
"print.default" "print" "print.data.frame" "print" 
"print.default" "print" "print.data.frame" "print" 
"print.default" "print" "print.data.frame" "print" 
"print.default" "print" "print.data.frame" "print" 
"print.default" "print" "print.data.frame" "print" 
"print.default" "print" "print.data.frame" "print" 
"print.default" "print" "print.data.frame" "print" 
"print.default" "print" "print.data.frame" "print" 
"print.default" 